Create some random files in /tmp/ldl-file-common and append them to a Directory collection

Get directory tree and print it out
####################################################
File: /tmp/ldl-file-common/.hidden_11
File: /tmp/ldl-file-common/.hidden_12
File: /tmp/ldl-file-common/.hidden_13
File: /tmp/ldl-file-common/.hidden_14
File: /tmp/ldl-file-common/.hidden_15
File: /tmp/ldl-file-common/1.txt
Directory: /tmp/ldl-file-common/10
Directory: /tmp/ldl-file-common/2
File: /tmp/ldl-file-common/3.txt
Directory: /tmp/ldl-file-common/4
File: /tmp/ldl-file-common/5.txt
Directory: /tmp/ldl-file-common/6
File: /tmp/ldl-file-common/7.txt
Directory: /tmp/ldl-file-common/8
File: /tmp/ldl-file-common/9.txt
Delete created directory recursively
####################################################