Create some random files in /tmp/ldl-file-common and append them to a Directory collection

Create multiple directories inside test directory
####################################################
Get directory tree and print it out
####################################################
File: /tmp/ldl-file-common/.hidden_11
File: /tmp/ldl-file-common/.hidden_12
File: /tmp/ldl-file-common/.hidden_13
File: /tmp/ldl-file-common/.hidden_14
File: /tmp/ldl-file-common/.hidden_15
File: /tmp/ldl-file-common/0847f7a533fe24ce4d6b191ae4e653d9
File: /tmp/ldl-file-common/1.txt
Directory: /tmp/ldl-file-common/10
File: /tmp/ldl-file-common/11f8fedf8d87b6088430274f5ef4ab12
Directory: /tmp/ldl-file-common/2
File: /tmp/ldl-file-common/3.txt
Directory: /tmp/ldl-file-common/4
File: /tmp/ldl-file-common/5.txt
Directory: /tmp/ldl-file-common/500
Directory: /tmp/ldl-file-common/501
Directory: /tmp/ldl-file-common/502
Directory: /tmp/ldl-file-common/503
Directory: /tmp/ldl-file-common/504
Directory: /tmp/ldl-file-common/505
Directory: /tmp/ldl-file-common/506
Directory: /tmp/ldl-file-common/507
Directory: /tmp/ldl-file-common/508
Directory: /tmp/ldl-file-common/509
Directory: /tmp/ldl-file-common/510
Directory: /tmp/ldl-file-common/6
File: /tmp/ldl-file-common/614dd13888aff99bf8a2d66230cfc1ba
File: /tmp/ldl-file-common/69006f1842d4e72f88f268fcd09bccf3
File: /tmp/ldl-file-common/7.txt
File: /tmp/ldl-file-common/774776ebba9ef27887aa4b6ef7962072
File: /tmp/ldl-file-common/7fd26cdc649b19749c4dc704bf3aae6c
Directory: /tmp/ldl-file-common/8
File: /tmp/ldl-file-common/9.txt
File: /tmp/ldl-file-common/a5d425db1382087ceb65d5b70c78e60f
File: /tmp/ldl-file-common/b90fd5dc3e3cefeebcc9c3168fdb988b
File: /tmp/ldl-file-common/c89c1112321606e345e903488d298e2d
File: /tmp/ldl-file-common/f2b0e76a33960b96497be5d03eace653
Delete created directory recursively
####################################################