Create some random files in /tmp/ldl-file-common and append them to a Directory collection

Set file /tmp/ldl-file-common/.hidden_11 as readable
Set file /tmp/ldl-file-common/.hidden_12 as readable
Set file /tmp/ldl-file-common/.hidden_13 as readable
Set file /tmp/ldl-file-common/.hidden_14 as readable
Set file /tmp/ldl-file-common/.hidden_15 as readable
Set file /tmp/ldl-file-common/1.txt as readable
Set file /tmp/ldl-file-common/10 as readable
Set file /tmp/ldl-file-common/2 as readable
Set file /tmp/ldl-file-common/3.txt as readable
Set file /tmp/ldl-file-common/4 as readable
Set file /tmp/ldl-file-common/5.txt as readable
Set file /tmp/ldl-file-common/6 as readable
Set file /tmp/ldl-file-common/7.txt as readable
Set file /tmp/ldl-file-common/8 as readable
Set file /tmp/ldl-file-common/9.txt as readable
OK: File "/tmp/ldl-file-common/.hidden_11" is not writable!

OK: File "/tmp/ldl-file-common/.hidden_12" is not writable!

OK: File "/tmp/ldl-file-common/.hidden_13" is not writable!

OK: File "/tmp/ldl-file-common/.hidden_14" is not writable!

OK: File "/tmp/ldl-file-common/.hidden_15" is not writable!

OK: File "/tmp/ldl-file-common/1.txt" is not writable!

OK: File "/tmp/ldl-file-common/10" is not writable!

OK: File "/tmp/ldl-file-common/2" is not writable!

OK: File "/tmp/ldl-file-common/3.txt" is not writable!

OK: File "/tmp/ldl-file-common/4" is not writable!

OK: File "/tmp/ldl-file-common/5.txt" is not writable!

OK: File "/tmp/ldl-file-common/6" is not writable!

OK: File "/tmp/ldl-file-common/7.txt" is not writable!

OK: File "/tmp/ldl-file-common/8" is not writable!

OK: File "/tmp/ldl-file-common/9.txt" is not writable!

Done