!!!DYNAMIC


Sort tree by date created ...

#########################################################



2021-12-10 15:07:19 - /home/ldl/projects/ldl-file-common/example/DirectoryExample.php

2021-12-10 15:07:19 - /home/ldl/projects/ldl-file-common/example/PathHelperExample.php

2021-12-10 15:07:19 - /home/ldl/projects/ldl-file-common/example/PathValidatorExample.php

2022-01-11 13:09:23 - /home/ldl/projects/ldl-file-common/example/ObservableTreeExample.php

2022-01-11 13:09:23 - /home/ldl/projects/ldl-file-common/example/WritableFileCollectionExample.php

2022-01-11 13:09:23 - /home/ldl/projects/ldl-file-common/example/FileCollectionExample.php

2022-01-11 13:09:23 - /home/ldl/projects/ldl-file-common/example/JsonFileCollectionExample.php

2022-01-11 13:09:23 - /home/ldl/projects/ldl-file-common/example/DirectoryCollectionExample.php

2022-01-11 13:09:23 - /home/ldl/projects/ldl-file-common/example/ReadWriteFileCollectionExample.php

2022-01-11 13:09:23 - /home/ldl/projects/ldl-file-common/example/ReadableFileCollectionExample.php

2022-01-11 13:09:23 - /home/ldl/projects/ldl-file-common/example/RecursivePermissionsExample.php

2022-01-11 14:42:20 - /home/ldl/projects/ldl-file-common/example/FileExample.php

2022-01-12 13:33:02 - /home/ldl/projects/ldl-file-common/example/TreeDateSortingExample.php

2022-01-12 13:33:04 - /home/ldl/projects/ldl-file-common/example/DirectoryCopy.php

2022-01-12 13:33:04 - /home/ldl/projects/ldl-file-common/example/DirectoryMove.php

2022-01-12 13:33:04 - /home/ldl/projects/ldl-file-common/example/LinkExample.php

2022-01-13 11:07:04 - /home/ldl/projects/ldl-file-common/example/DirectoryChownExample.php

2022-01-13 11:10:18 - /home/ldl/projects/ldl-file-common/example/FileChownExample.php

2022-01-13 11:24:00 - /home/ldl/projects/ldl-file-common/example/lib

2022-01-13 11:24:25 - /home/ldl/projects/ldl-file-common/example/output



Sort tree by date accessed ...

#########################################################



2022-01-12 13:24:41 - /home/ldl/projects/ldl-file-common/example/JsonFileCollectionExample.php

2022-01-12 13:24:41 - /home/ldl/projects/ldl-file-common/example/RecursivePermissionsExample.php

2022-01-12 13:24:41 - /home/ldl/projects/ldl-file-common/example/DirectoryCollectionExample.php

2022-01-12 13:24:41 - /home/ldl/projects/ldl-file-common/example/ReadWriteFileCollectionExample.php

2022-01-12 13:24:42 - /home/ldl/projects/ldl-file-common/example/ObservableTreeExample.php

2022-01-12 13:24:42 - /home/ldl/projects/ldl-file-common/example/DirectoryExample.php

2022-01-12 13:24:42 - /home/ldl/projects/ldl-file-common/example/WritableFileCollectionExample.php

2022-01-12 13:24:42 - /home/ldl/projects/ldl-file-common/example/FileCollectionExample.php

2022-01-12 13:24:42 - /home/ldl/projects/ldl-file-common/example/PathHelperExample.php

2022-01-12 13:24:42 - /home/ldl/projects/ldl-file-common/example/PathValidatorExample.php

2022-01-12 13:24:42 - /home/ldl/projects/ldl-file-common/example/ReadableFileCollectionExample.php

2022-01-12 13:33:02 - /home/ldl/projects/ldl-file-common/example/TreeDateSortingExample.php

2022-01-12 13:33:04 - /home/ldl/projects/ldl-file-common/example/DirectoryCopy.php

2022-01-12 13:33:04 - /home/ldl/projects/ldl-file-common/example/DirectoryMove.php

2022-01-12 13:33:04 - /home/ldl/projects/ldl-file-common/example/LinkExample.php

2022-01-13 11:07:06 - /home/ldl/projects/ldl-file-common/example/DirectoryChownExample.php

2022-01-13 11:10:21 - /home/ldl/projects/ldl-file-common/example/FileChownExample.php

2022-01-13 11:13:34 - /home/ldl/projects/ldl-file-common/example/FileExample.php

2022-01-13 11:24:02 - /home/ldl/projects/ldl-file-common/example/lib

2022-01-13 11:24:25 - /home/ldl/projects/ldl-file-common/example/output